<?xml version="1.0" encoding="UTF-8"?>
<testng-results ignored="0" total="1" passed="1" failed="0" skipped="0">
  <reporter-output>
  </reporter-output>
  <suite started-at="2023-06-25T13:17:17 IST" name="Default Suite" finished-at="2023-06-25T13:17:24 IST" duration-ms="7103">
    <groups>
    </groups>
    <test started-at="2023-06-25T13:17:17 IST" name="TestNgSeleniumProject" finished-at="2023-06-25T13:17:24 IST" duration-ms="7103">
      <class name="com.raghib.testngwithxml.UserTest">
        <test-method is-config="true" signature="beforeTest()[pri:0, instance:com.raghib.testngwithxml.UserTest@60dcc9fe]" started-at="2023-06-25T13:17:17 IST" name="beforeTest" finished-at="2023-06-25T13:17:23 IST" duration-ms="5973" status="PASS">
          <reporter-output>
          </reporter-output>
        </test-method> <!-- beforeTest -->
        <test-method signature="googlePageLoadingTest()[pri:0, instance:com.raghib.testngwithxml.UserTest@60dcc9fe]" started-at="2023-06-25T13:17:23 IST" name="googlePageLoadingTest" finished-at="2023-06-25T13:17:24 IST" duration-ms="720" status="PASS">
          <reporter-output>
          </reporter-output>
        </test-method> <!-- googlePageLoadingTest -->
        <test-method is-config="true" signature="afterTest()[pri:0, instance:com.raghib.testngwithxml.UserTest@60dcc9fe]" started-at="2023-06-25T13:17:24 IST" name="afterTest" finished-at="2023-06-25T13:17:24 IST" duration-ms="321" status="PASS">
          <reporter-output>
          </reporter-output>
        </test-method> <!-- afterTest -->
      </class> <!-- com.raghib.testngwithxml.UserTest -->
    </test> <!-- TestNgSeleniumProject -->
  </suite> <!-- Default Suite -->
</testng-results>
